<?xml version="1.0" encoding="UTF-8"?>
<testsuite xmlns:xsi="http://www.w3.org/2001/XMLSchema-instance" xsi:noNamespaceSchemaLocation="https://maven.apache.org/surefire/maven-surefire-plugin/xsd/surefire-test-report-3.0.xsd" version="3.0" name="TestSuite" time="45.357" tests="8" errors="0" skipped="0" failures="2">
  <properties>
[...]
</properties>
  <testcase name="runScenario[&quot;Submit E-Pass form with valid data&quot;, &quot;E-Pass Application Form Submission&quot;](1)" classname="com.pandemic.BDD.RunnerClass.CucumberRunnerTests" time="12.073">
    <system-out><![CDATA[
@AnotherPage
Scenario: Submit E-Pass form with valid data                                                                                       # file:///D:/Pandemic_test/src/test/java/com/pandemic/BDD/features/DistrinctPassTest.feature:11
  ✔ Given User is on the E-Pass application page                                                                                   # com.pandemic.BDD.definations.DistrictPassDefination.user_is_on_epass_page()
  ✔ When User fills the form with "Alice", "alice@gmail.com", "987", "654", "3210", "Chennai", "Female", "123456789012", "Wedding" # com.pandemic.BDD.definations.DistrictPassDefination.user_fills_the_form(java.lang.String,java.lang.String,java.lang.String,java.lang.String,java.lang.String,java.lang.String,java.lang.String,java.lang.String,java.lang.String)
  ✔ And User submits the form                                                                                                      # com.pandemic.BDD.definations.DistrictPassDefination.user_submits_form()
  ✔ Then Proper form result should be displayed for "success"                                                                      # com.pandemic.BDD.definations.DistrictPassDefination.form_should_be_submitted_successfully()
]]></system-out>
    <system-err><![CDATA[SLF4J(W): No SLF4J providers were found.
SLF4J(W): Defaulting to no-operation (NOP) logger implementation
SLF4J(W): See https://www.slf4j.org/codes.html#noProviders for further details.
Jul 29, 2025 6:08:37 PM com.pandemic.BDD.pages.DistrinctPassTestPage fillForm
INFO: Started filling form
]]></system-err>
  </testcase>
  <testcase name="runScenario[&quot;Submit E-Pass form with invalid data&quot;, &quot;E-Pass Application Form Submission&quot;](2)" classname="com.pandemic.BDD.RunnerClass.CucumberRunnerTests" time="3.307">
    <failure message="expected [false] but found [true]" type="java.lang.AssertionError"><![CDATA[java.lang.AssertionError: expected [false] but found [true]
	at org.testng.Assert.fail(Assert.java:111)
	at org.testng.Assert.failNotEquals(Assert.java:1590)
	at org.testng.Assert.assertFalse(Assert.java:79)
	at org.testng.Assert.assertFalse(Assert.java:89)
	at com.pandemic.BDD.definations.DistrictPassDefination.form_should_not_be_submitted_successfully(DistrictPassDefination.java:44)
	at ✽.Form should not be submitted(file:///D:/Pandemic_test/src/test/java/com/pandemic/BDD/features/DistrinctPassTest.feature:18)
]]></failure>
    <system-out><![CDATA[
@AnotherPage
Scenario: Submit E-Pass form with invalid data                                                                     # file:///D:/Pandemic_test/src/test/java/com/pandemic/BDD/features/DistrinctPassTest.feature:22
  ✔ Given User is on the E-Pass application page                                                                   # com.pandemic.BDD.definations.DistrictPassDefination.user_is_on_epass_page()
  ✔ When User fills the form with "Bob", "bobmail", "98x", "12b", "3aa", "Chennai", "Other", "abc123", "Interview" # com.pandemic.BDD.definations.DistrictPassDefination.user_fills_the_form(java.lang.String,java.lang.String,java.lang.String,java.lang.String,java.lang.String,java.lang.String,java.lang.String,java.lang.String,java.lang.String)
  ✔ And User submits the form                                                                                      # com.pandemic.BDD.definations.DistrictPassDefination.user_submits_form()
  ✘ Then Form should not be submitted                                                                              # com.pandemic.BDD.definations.DistrictPassDefination.form_should_not_be_submitted_successfully()
        java.lang.AssertionError: expected [false] but found [true]
        	at org.testng.Assert.fail(Assert.java:111)
        	at org.testng.Assert.failNotEquals(Assert.java:1590)
        	at org.testng.Assert.assertFalse(Assert.java:79)
        	at org.testng.Assert.assertFalse(Assert.java:89)
        	at com.pandemic.BDD.definations.DistrictPassDefination.form_should_not_be_submitted_successfully(DistrictPassDefination.java:44)
        	at ✽.Form should not be submitted(file:///D:/Pandemic_test/src/test/java/com/pandemic/BDD/features/DistrinctPassTest.feature:18)

        file:/D:/Pandemic_test/screenshots/Submit_E-Pass_form_with_invalid_data.png

]]></system-out>
    <system-err><![CDATA[Jul 29, 2025 6:08:41 PM com.pandemic.BDD.pages.DistrinctPassTestPage fillForm
INFO: Started filling form
java.nio.file.FileAlreadyExistsException: screenshots\Submit_E-Pass_form_with_invalid_data.png
	at java.base/sun.nio.fs.WindowsFileCopy.copy(WindowsFileCopy.java:133)
	at java.base/sun.nio.fs.WindowsFileSystemProvider.copy(WindowsFileSystemProvider.java:282)
	at java.base/java.nio.file.Files.copy(Files.java:1305)
	at com.pandemic.BDD.utility.ScreenshotUtil.captureScreenshot(ScreenshotUtil.java:26)
	at com.pandemic.BDD.hooks.Hooks.tearDown(Hooks.java:38)
	at java.base/jdk.internal.reflect.DirectMethodHandleAccessor.invoke(DirectMethodHandleAccessor.java:103)
	at java.base/java.lang.reflect.Method.invoke(Method.java:580)
	at io.cucumber.java.Invoker.doInvoke(Invoker.java:66)
	at io.cucumber.java.Invoker.invoke(Invoker.java:24)
	at io.cucumber.java.AbstractGlueDefinition.invokeMethod(AbstractGlueDefinition.java:47)
	at io.cucumber.java.JavaHookDefinition.execute(JavaHookDefinition.java:68)
	at io.cucumber.core.runner.CoreHookDefinition.execute(CoreHookDefinition.java:47)
	at io.cucumber.core.runner.HookDefinitionMatch.runStep(HookDefinitionMatch.java:21)
	at io.cucumber.core.runner.ExecutionMode$1.execute(ExecutionMode.java:10)
	at io.cucumber.core.runner.TestStep.executeStep(TestStep.java:81)
	at io.cucumber.core.runner.TestStep.run(TestStep.java:53)
	at io.cucumber.core.runner.TestCase.run(TestCase.java:92)
	at io.cucumber.core.runner.Runner.runPickle(Runner.java:77)
	at io.cucumber.testng.TestNGCucumberRunner.lambda$runScenario$1(TestNGCucumberRunner.java:132)
	at io.cucumber.core.runtime.CucumberExecutionContext.lambda$runTestCase$5(CucumberExecutionContext.java:136)
	at io.cucumber.core.runtime.RethrowingThrowableCollector.executeAndThrow(RethrowingThrowableCollector.java:23)
	at io.cucumber.core.runtime.CucumberExecutionContext.runTestCase(CucumberExecutionContext.java:136)
	at io.cucumber.testng.TestNGCucumberRunner.runScenario(TestNGCucumberRunner.java:129)
	at io.cucumber.testng.AbstractTestNGCucumberTests.runScenario(AbstractTestNGCucumberTests.java:35)
	at java.base/jdk.internal.reflect.DirectMethodHandleAccessor.invoke(DirectMethodHandleAccessor.java:103)
	at java.base/java.lang.reflect.Method.invoke(Method.java:580)
	at org.testng.internal.invokers.MethodInvocationHelper.invokeMethod(MethodInvocationHelper.java:141)
	at org.testng.internal.invokers.TestInvoker.invokeMethod(TestInvoker.java:687)
	at org.testng.internal.invokers.TestInvoker.invokeTestMethod(TestInvoker.java:230)
	at org.testng.internal.invokers.MethodRunner.runInSequence(MethodRunner.java:63)
	at org.testng.internal.invokers.TestInvoker$MethodInvocationAgent.invoke(TestInvoker.java:995)
	at org.testng.internal.invokers.TestInvoker.invokeTestMethods(TestInvoker.java:203)
	at org.testng.internal.invokers.TestMethodWorker.invokeTestMethods(TestMethodWorker.java:154)
	at org.testng.internal.invokers.TestMethodWorker.run(TestMethodWorker.java:134)
	at java.base/java.util.ArrayList.forEach(ArrayList.java:1596)
	at org.testng.TestRunner.privateRun(TestRunner.java:741)
	at org.testng.TestRunner.run(TestRunner.java:616)
	at org.testng.SuiteRunner.runTest(SuiteRunner.java:421)
	at org.testng.SuiteRunner.runSequentially(SuiteRunner.java:413)
	at org.testng.SuiteRunner.privateRun(SuiteRunner.java:373)
	at org.testng.SuiteRunner.run(SuiteRunner.java:312)
	at org.testng.SuiteRunnerWorker.runSuite(SuiteRunnerWorker.java:52)
	at org.testng.SuiteRunnerWorker.run(SuiteRunnerWorker.java:95)
	at org.testng.TestNG.runSuitesSequentially(TestNG.java:1274)
	at org.testng.TestNG.runSuitesLocally(TestNG.java:1208)
	at org.testng.TestNG.runSuites(TestNG.java:1112)
	at org.testng.TestNG.run(TestNG.java:1079)
	at org.apache.maven.surefire.testng.TestNGExecutor.run(TestNGExecutor.java:308)
	at org.apache.maven.surefire.testng.TestNGXmlTestSuite.execute(TestNGXmlTestSuite.java:71)
	at org.apache.maven.surefire.testng.TestNGProvider.invoke(TestNGProvider.java:113)
	at org.apache.maven.surefire.booter.ForkedBooter.runSuitesInProcess(ForkedBooter.java:385)
	at org.apache.maven.surefire.booter.ForkedBooter.execute(ForkedBooter.java:162)
	at org.apache.maven.surefire.booter.ForkedBooter.run(ForkedBooter.java:507)
	at org.apache.maven.surefire.booter.ForkedBooter.main(ForkedBooter.java:495)
]]></system-err>
  </testcase>
  <testcase name="runScenario[&quot;Submit E-Pass form with empty data&quot;, &quot;E-Pass Application Form Submission&quot;](3)" classname="com.pandemic.BDD.RunnerClass.CucumberRunnerTests" time="4.576">
    <system-out><![CDATA[
@AnotherPage
Scenario: Submit E-Pass form with empty data                                         # file:///D:/Pandemic_test/src/test/java/com/pandemic/BDD/features/DistrinctPassTest.feature:32
  ✔ Given User is on the E-Pass application page                                     # com.pandemic.BDD.definations.DistrictPassDefination.user_is_on_epass_page()
  ✔ When User fills the form with "", "", "", "", "", "Chennai", "", "", "Interview" # com.pandemic.BDD.definations.DistrictPassDefination.user_fills_the_form(java.lang.String,java.lang.String,java.lang.String,java.lang.String,java.lang.String,java.lang.String,java.lang.String,java.lang.String,java.lang.String)
  ✔ And User submits the form                                                        # com.pandemic.BDD.definations.DistrictPassDefination.user_submits_form()
  ✔ Then Proper form result should be displayed for "error"                          # com.pandemic.BDD.definations.DistrictPassDefination.error_messages_should_be_displayed_for_empty_fields()
]]></system-out>
    <system-err><![CDATA[Jul 29, 2025 6:08:45 PM com.pandemic.BDD.pages.DistrinctPassTestPage fillForm
INFO: Started filling form
]]></system-err>
  </testcase>
  <testcase name="runScenario[&quot;Submit E-Pass form with valid data and table should be displayed&quot;, &quot;E-Pass Application Form Submission&quot;](4)" classname="com.pandemic.BDD.RunnerClass.CucumberRunnerTests" time="6.637">
    <system-out><![CDATA[
@AnotherPage
Scenario: Submit E-Pass form with valid data and table should be displayed                                                         # file:///D:/Pandemic_test/src/test/java/com/pandemic/BDD/features/DistrinctPassTest.feature:43
  ✔ Given User is on the E-Pass application page                                                                                   # com.pandemic.BDD.definations.DistrictPassDefination.user_is_on_epass_page()
  ✔ When User fills the form with "Alice", "alice@gmail.com", "987", "654", "3210", "Chennai", "Female", "123456789012", "Wedding" # com.pandemic.BDD.definations.DistrictPassDefination.user_fills_the_form(java.lang.String,java.lang.String,java.lang.String,java.lang.String,java.lang.String,java.lang.String,java.lang.String,java.lang.String,java.lang.String)
  ✔ And User submits the form                                                                                                      # com.pandemic.BDD.definations.DistrictPassDefination.user_submits_form()
  ✔ Then Proper form result should be displayed for "success"                                                                      # com.pandemic.BDD.definations.DistrictPassDefination.form_should_be_submitted_successfully()
  ✔ And table should be there as a result                                                                                          # com.pandemic.BDD.definations.DistrictPassDefination.check_table_is_there()
]]></system-out>
    <system-err><![CDATA[Jul 29, 2025 6:08:52 PM com.pandemic.BDD.pages.DistrinctPassTestPage fillForm
INFO: Started filling form
]]></system-err>
  </testcase>
  <testcase name="runScenario[&quot;Submission with valid data for Virus Test&quot;, &quot;Virus Test Form Submission&quot;](5)" classname="com.pandemic.BDD.RunnerClass.CucumberRunnerTests" time="8.344">
    <system-out><![CDATA[
Scenario: Submission with valid data for Virus Test  # file:///D:/Pandemic_test/src/test/java/com/pandemic/BDD/features/virusTest.feature:3
  ✔ Given the user is on the Virus Test page         # com.pandemic.BDD.definations.virusTestDefination.user_is_on_page()
2025-07-29T12:39:00.223083500Z main ERROR Log4j API could not find a logging provider.
  ✔ When the user submits the form with "Valid" data # com.pandemic.BDD.definations.virusTestDefination.submits_form(java.lang.String)
  ✔ Then the form should be submitted successfully   # com.pandemic.BDD.definations.virusTestDefination.assert_success()
]]></system-out>
  </testcase>
  <testcase name="runScenario[&quot;Submission with Invalid data for Virus Test&quot;, &quot;Virus Test Form Submission&quot;](6)" classname="com.pandemic.BDD.RunnerClass.CucumberRunnerTests" time="2.824">
    <failure message="expected [false] but found [true]" type="java.lang.AssertionError"><![CDATA[java.lang.AssertionError: expected [false] but found [true]
	at org.testng.Assert.fail(Assert.java:111)
	at org.testng.Assert.failNotEquals(Assert.java:1590)
	at org.testng.Assert.assertFalse(Assert.java:79)
	at org.testng.Assert.assertFalse(Assert.java:89)
	at com.pandemic.BDD.definations.virusTestDefination.assert_failure(virusTestDefination.java:42)
	at ✽.the form should not be submitted(file:///D:/Pandemic_test/src/test/java/com/pandemic/BDD/features/virusTest.feature:11)
]]></failure>
    <system-out><![CDATA[
Scenario: Submission with Invalid data for Virus Test  # file:///D:/Pandemic_test/src/test/java/com/pandemic/BDD/features/virusTest.feature:8
  ✔ Given the user is on the Virus Test page           # com.pandemic.BDD.definations.virusTestDefination.user_is_on_page()
  ✔ When the user submits the form with "Invalid" data # com.pandemic.BDD.definations.virusTestDefination.submits_form(java.lang.String)
  ✘ Then the form should not be submitted              # com.pandemic.BDD.definations.virusTestDefination.assert_failure()
        java.lang.AssertionError: expected [false] but found [true]
        	at org.testng.Assert.fail(Assert.java:111)
        	at org.testng.Assert.failNotEquals(Assert.java:1590)
        	at org.testng.Assert.assertFalse(Assert.java:79)
        	at org.testng.Assert.assertFalse(Assert.java:89)
        	at com.pandemic.BDD.definations.virusTestDefination.assert_failure(virusTestDefination.java:42)
        	at ✽.the form should not be submitted(file:///D:/Pandemic_test/src/test/java/com/pandemic/BDD/features/virusTest.feature:11)

        file:/D:/Pandemic_test/screenshots/Submission_with_Invalid_data_for_Virus_Test.png

]]></system-out>
    <system-err><![CDATA[java.nio.file.FileAlreadyExistsException: screenshots\Submission_with_Invalid_data_for_Virus_Test.png
	at java.base/sun.nio.fs.WindowsFileCopy.copy(WindowsFileCopy.java:133)
	at java.base/sun.nio.fs.WindowsFileSystemProvider.copy(WindowsFileSystemProvider.java:282)
	at java.base/java.nio.file.Files.copy(Files.java:1305)
	at com.pandemic.BDD.utility.ScreenshotUtil.captureScreenshot(ScreenshotUtil.java:26)
	at com.pandemic.BDD.hooks.Hooks.tearDown(Hooks.java:38)
	at java.base/jdk.internal.reflect.DirectMethodHandleAccessor.invoke(DirectMethodHandleAccessor.java:103)
	at java.base/java.lang.reflect.Method.invoke(Method.java:580)
	at io.cucumber.java.Invoker.doInvoke(Invoker.java:66)
	at io.cucumber.java.Invoker.invoke(Invoker.java:24)
	at io.cucumber.java.AbstractGlueDefinition.invokeMethod(AbstractGlueDefinition.java:47)
	at io.cucumber.java.JavaHookDefinition.execute(JavaHookDefinition.java:68)
	at io.cucumber.core.runner.CoreHookDefinition.execute(CoreHookDefinition.java:47)
	at io.cucumber.core.runner.HookDefinitionMatch.runStep(HookDefinitionMatch.java:21)
	at io.cucumber.core.runner.ExecutionMode$1.execute(ExecutionMode.java:10)
	at io.cucumber.core.runner.TestStep.executeStep(TestStep.java:81)
	at io.cucumber.core.runner.TestStep.run(TestStep.java:53)
	at io.cucumber.core.runner.TestCase.run(TestCase.java:92)
	at io.cucumber.core.runner.Runner.runPickle(Runner.java:77)
	at io.cucumber.testng.TestNGCucumberRunner.lambda$runScenario$1(TestNGCucumberRunner.java:132)
	at io.cucumber.core.runtime.CucumberExecutionContext.lambda$runTestCase$5(CucumberExecutionContext.java:136)
	at io.cucumber.core.runtime.RethrowingThrowableCollector.executeAndThrow(RethrowingThrowableCollector.java:23)
	at io.cucumber.core.runtime.CucumberExecutionContext.runTestCase(CucumberExecutionContext.java:136)
	at io.cucumber.testng.TestNGCucumberRunner.runScenario(TestNGCucumberRunner.java:129)
	at io.cucumber.testng.AbstractTestNGCucumberTests.runScenario(AbstractTestNGCucumberTests.java:35)
	at java.base/jdk.internal.reflect.DirectMethodHandleAccessor.invoke(DirectMethodHandleAccessor.java:103)
	at java.base/java.lang.reflect.Method.invoke(Method.java:580)
	at org.testng.internal.invokers.MethodInvocationHelper.invokeMethod(MethodInvocationHelper.java:141)
	at org.testng.internal.invokers.TestInvoker.invokeMethod(TestInvoker.java:687)
	at org.testng.internal.invokers.TestInvoker.invokeTestMethod(TestInvoker.java:230)
	at org.testng.internal.invokers.MethodRunner.runInSequence(MethodRunner.java:63)
	at org.testng.internal.invokers.TestInvoker$MethodInvocationAgent.invoke(TestInvoker.java:995)
	at org.testng.internal.invokers.TestInvoker.invokeTestMethods(TestInvoker.java:203)
	at org.testng.internal.invokers.TestMethodWorker.invokeTestMethods(TestMethodWorker.java:154)
	at org.testng.internal.invokers.TestMethodWorker.run(TestMethodWorker.java:134)
	at java.base/java.util.ArrayList.forEach(ArrayList.java:1596)
	at org.testng.TestRunner.privateRun(TestRunner.java:741)
	at org.testng.TestRunner.run(TestRunner.java:616)
	at org.testng.SuiteRunner.runTest(SuiteRunner.java:421)
	at org.testng.SuiteRunner.runSequentially(SuiteRunner.java:413)
	at org.testng.SuiteRunner.privateRun(SuiteRunner.java:373)
	at org.testng.SuiteRunner.run(SuiteRunner.java:312)
	at org.testng.SuiteRunnerWorker.runSuite(SuiteRunnerWorker.java:52)
	at org.testng.SuiteRunnerWorker.run(SuiteRunnerWorker.java:95)
	at org.testng.TestNG.runSuitesSequentially(TestNG.java:1274)
	at org.testng.TestNG.runSuitesLocally(TestNG.java:1208)
	at org.testng.TestNG.runSuites(TestNG.java:1112)
	at org.testng.TestNG.run(TestNG.java:1079)
	at org.apache.maven.surefire.testng.TestNGExecutor.run(TestNGExecutor.java:308)
	at org.apache.maven.surefire.testng.TestNGXmlTestSuite.execute(TestNGXmlTestSuite.java:71)
	at org.apache.maven.surefire.testng.TestNGProvider.invoke(TestNGProvider.java:113)
	at org.apache.maven.surefire.booter.ForkedBooter.runSuitesInProcess(ForkedBooter.java:385)
	at org.apache.maven.surefire.booter.ForkedBooter.execute(ForkedBooter.java:162)
	at org.apache.maven.surefire.booter.ForkedBooter.run(ForkedBooter.java:507)
	at org.apache.maven.surefire.booter.ForkedBooter.main(ForkedBooter.java:495)
]]></system-err>
  </testcase>
  <testcase name="runScenario[&quot;Submission with Empty fields for Virus Test&quot;, &quot;Virus Test Form Submission&quot;](7)" classname="com.pandemic.BDD.RunnerClass.CucumberRunnerTests" time="3.182">
    <system-out><![CDATA[
Scenario: Submission with Empty fields for Virus Test # file:///D:/Pandemic_test/src/test/java/com/pandemic/BDD/features/virusTest.feature:13
  ✔ Given the user is on the Virus Test page          # com.pandemic.BDD.definations.virusTestDefination.user_is_on_page()
  ✔ When the user submits the form with "Empty" data  # com.pandemic.BDD.definations.virusTestDefination.submits_form(java.lang.String)
  ✔ Then the form should show validation errors       # com.pandemic.BDD.definations.virusTestDefination.assert_validation_errors()
]]></system-out>
    <system-err><![CDATA[java.lang.NullPointerException: Cannot invoke "org.apache.poi.ss.usermodel.Cell.getStringCellValue()" because the return value of "org.apache.poi.ss.usermodel.Row.getCell(int)" is null
	at com.pandemic.BDD.utility.ExcelReader.getData(ExcelReader.java:21)
	at com.pandemic.BDD.definations.virusTestDefination.submits_form(virusTestDefination.java:22)
	at java.base/jdk.internal.reflect.DirectMethodHandleAccessor.invoke(DirectMethodHandleAccessor.java:103)
	at java.base/java.lang.reflect.Method.invoke(Method.java:580)
	at io.cucumber.java.Invoker.doInvoke(Invoker.java:66)
	at io.cucumber.java.Invoker.invoke(Invoker.java:24)
	at io.cucumber.java.AbstractGlueDefinition.invokeMethod(AbstractGlueDefinition.java:47)
	at io.cucumber.java.JavaStepDefinition.execute(JavaStepDefinition.java:29)
	at io.cucumber.core.runner.CoreStepDefinition.execute(CoreStepDefinition.java:66)
	at io.cucumber.core.runner.PickleStepDefinitionMatch.runStep(PickleStepDefinitionMatch.java:62)
	at io.cucumber.core.runner.ExecutionMode$1.execute(ExecutionMode.java:10)
	at io.cucumber.core.runner.TestStep.executeStep(TestStep.java:81)
	at io.cucumber.core.runner.TestStep.run(TestStep.java:53)
	at io.cucumber.core.runner.PickleStepTestStep.run(PickleStepTestStep.java:51)
	at io.cucumber.core.runner.TestCase.run(TestCase.java:86)
	at io.cucumber.core.runner.Runner.runPickle(Runner.java:77)
	at io.cucumber.testng.TestNGCucumberRunner.lambda$runScenario$1(TestNGCucumberRunner.java:132)
	at io.cucumber.core.runtime.CucumberExecutionContext.lambda$runTestCase$5(CucumberExecutionContext.java:136)
	at io.cucumber.core.runtime.RethrowingThrowableCollector.executeAndThrow(RethrowingThrowableCollector.java:23)
	at io.cucumber.core.runtime.CucumberExecutionContext.runTestCase(CucumberExecutionContext.java:136)
	at io.cucumber.testng.TestNGCucumberRunner.runScenario(TestNGCucumberRunner.java:129)
	at io.cucumber.testng.AbstractTestNGCucumberTests.runScenario(AbstractTestNGCucumberTests.java:35)
	at java.base/jdk.internal.reflect.DirectMethodHandleAccessor.invoke(DirectMethodHandleAccessor.java:103)
	at java.base/java.lang.reflect.Method.invoke(Method.java:580)
	at org.testng.internal.invokers.MethodInvocationHelper.invokeMethod(MethodInvocationHelper.java:141)
	at org.testng.internal.invokers.TestInvoker.invokeMethod(TestInvoker.java:687)
	at org.testng.internal.invokers.TestInvoker.invokeTestMethod(TestInvoker.java:230)
	at org.testng.internal.invokers.MethodRunner.runInSequence(MethodRunner.java:63)
	at org.testng.internal.invokers.TestInvoker$MethodInvocationAgent.invoke(TestInvoker.java:995)
	at org.testng.internal.invokers.TestInvoker.invokeTestMethods(TestInvoker.java:203)
	at org.testng.internal.invokers.TestMethodWorker.invokeTestMethods(TestMethodWorker.java:154)
	at org.testng.internal.invokers.TestMethodWorker.run(TestMethodWorker.java:134)
	at java.base/java.util.ArrayList.forEach(ArrayList.java:1596)
	at org.testng.TestRunner.privateRun(TestRunner.java:741)
	at org.testng.TestRunner.run(TestRunner.java:616)
	at org.testng.SuiteRunner.runTest(SuiteRunner.java:421)
	at org.testng.SuiteRunner.runSequentially(SuiteRunner.java:413)
	at org.testng.SuiteRunner.privateRun(SuiteRunner.java:373)
	at org.testng.SuiteRunner.run(SuiteRunner.java:312)
	at org.testng.SuiteRunnerWorker.runSuite(SuiteRunnerWorker.java:52)
	at org.testng.SuiteRunnerWorker.run(SuiteRunnerWorker.java:95)
	at org.testng.TestNG.runSuitesSequentially(TestNG.java:1274)
	at org.testng.TestNG.runSuitesLocally(TestNG.java:1208)
	at org.testng.TestNG.runSuites(TestNG.java:1112)
	at org.testng.TestNG.run(TestNG.java:1079)
	at org.apache.maven.surefire.testng.TestNGExecutor.run(TestNGExecutor.java:308)
	at org.apache.maven.surefire.testng.TestNGXmlTestSuite.execute(TestNGXmlTestSuite.java:71)
	at org.apache.maven.surefire.testng.TestNGProvider.invoke(TestNGProvider.java:113)
	at org.apache.maven.surefire.booter.ForkedBooter.runSuitesInProcess(ForkedBooter.java:385)
	at org.apache.maven.surefire.booter.ForkedBooter.execute(ForkedBooter.java:162)
	at org.apache.maven.surefire.booter.ForkedBooter.run(ForkedBooter.java:507)
	at org.apache.maven.surefire.booter.ForkedBooter.main(ForkedBooter.java:495)
java.lang.NullPointerException: Cannot invoke "String.equalsIgnoreCase(String)" because "data[0]" is null
	at com.pandemic.BDD.pages.VirusTestPage.fillForm(VirusTestPage.java:32)
	at com.pandemic.BDD.definations.virusTestDefination.submits_form(virusTestDefination.java:22)
	at java.base/jdk.internal.reflect.DirectMethodHandleAccessor.invoke(DirectMethodHandleAccessor.java:103)
	at java.base/java.lang.reflect.Method.invoke(Method.java:580)
	at io.cucumber.java.Invoker.doInvoke(Invoker.java:66)
	at io.cucumber.java.Invoker.invoke(Invoker.java:24)
	at io.cucumber.java.AbstractGlueDefinition.invokeMethod(AbstractGlueDefinition.java:47)
	at io.cucumber.java.JavaStepDefinition.execute(JavaStepDefinition.java:29)
	at io.cucumber.core.runner.CoreStepDefinition.execute(CoreStepDefinition.java:66)
	at io.cucumber.core.runner.PickleStepDefinitionMatch.runStep(PickleStepDefinitionMatch.java:62)
	at io.cucumber.core.runner.ExecutionMode$1.execute(ExecutionMode.java:10)
	at io.cucumber.core.runner.TestStep.executeStep(TestStep.java:81)
	at io.cucumber.core.runner.TestStep.run(TestStep.java:53)
	at io.cucumber.core.runner.PickleStepTestStep.run(PickleStepTestStep.java:51)
	at io.cucumber.core.runner.TestCase.run(TestCase.java:86)
	at io.cucumber.core.runner.Runner.runPickle(Runner.java:77)
	at io.cucumber.testng.TestNGCucumberRunner.lambda$runScenario$1(TestNGCucumberRunner.java:132)
	at io.cucumber.core.runtime.CucumberExecutionContext.lambda$runTestCase$5(CucumberExecutionContext.java:136)
	at io.cucumber.core.runtime.RethrowingThrowableCollector.executeAndThrow(RethrowingThrowableCollector.java:23)
	at io.cucumber.core.runtime.CucumberExecutionContext.runTestCase(CucumberExecutionContext.java:136)
	at io.cucumber.testng.TestNGCucumberRunner.runScenario(TestNGCucumberRunner.java:129)
	at io.cucumber.testng.AbstractTestNGCucumberTests.runScenario(AbstractTestNGCucumberTests.java:35)
	at java.base/jdk.internal.reflect.DirectMethodHandleAccessor.invoke(DirectMethodHandleAccessor.java:103)
	at java.base/java.lang.reflect.Method.invoke(Method.java:580)
	at org.testng.internal.invokers.MethodInvocationHelper.invokeMethod(MethodInvocationHelper.java:141)
	at org.testng.internal.invokers.TestInvoker.invokeMethod(TestInvoker.java:687)
	at org.testng.internal.invokers.TestInvoker.invokeTestMethod(TestInvoker.java:230)
	at org.testng.internal.invokers.MethodRunner.runInSequence(MethodRunner.java:63)
	at org.testng.internal.invokers.TestInvoker$MethodInvocationAgent.invoke(TestInvoker.java:995)
	at org.testng.internal.invokers.TestInvoker.invokeTestMethods(TestInvoker.java:203)
	at org.testng.internal.invokers.TestMethodWorker.invokeTestMethods(TestMethodWorker.java:154)
	at org.testng.internal.invokers.TestMethodWorker.run(TestMethodWorker.java:134)
	at java.base/java.util.ArrayList.forEach(ArrayList.java:1596)
	at org.testng.TestRunner.privateRun(TestRunner.java:741)
	at org.testng.TestRunner.run(TestRunner.java:616)
	at org.testng.SuiteRunner.runTest(SuiteRunner.java:421)
	at org.testng.SuiteRunner.runSequentially(SuiteRunner.java:413)
	at org.testng.SuiteRunner.privateRun(SuiteRunner.java:373)
	at org.testng.SuiteRunner.run(SuiteRunner.java:312)
	at org.testng.SuiteRunnerWorker.runSuite(SuiteRunnerWorker.java:52)
	at org.testng.SuiteRunnerWorker.run(SuiteRunnerWorker.java:95)
	at org.testng.TestNG.runSuitesSequentially(TestNG.java:1274)
	at org.testng.TestNG.runSuitesLocally(TestNG.java:1208)
	at org.testng.TestNG.runSuites(TestNG.java:1112)
	at org.testng.TestNG.run(TestNG.java:1079)
	at org.apache.maven.surefire.testng.TestNGExecutor.run(TestNGExecutor.java:308)
	at org.apache.maven.surefire.testng.TestNGXmlTestSuite.execute(TestNGXmlTestSuite.java:71)
	at org.apache.maven.surefire.testng.TestNGProvider.invoke(TestNGProvider.java:113)
	at org.apache.maven.surefire.booter.ForkedBooter.runSuitesInProcess(ForkedBooter.java:385)
	at org.apache.maven.surefire.booter.ForkedBooter.execute(ForkedBooter.java:162)
	at org.apache.maven.surefire.booter.ForkedBooter.run(ForkedBooter.java:507)
	at org.apache.maven.surefire.booter.ForkedBooter.main(ForkedBooter.java:495)
]]></system-err>
  </testcase>
  <testcase name="runScenario[&quot;Output if contact with person is selected as Yes&quot;, &quot;Virus Test Form Submission&quot;](8)" classname="com.pandemic.BDD.RunnerClass.CucumberRunnerTests" time="2.673">
    <system-out><![CDATA[
Scenario: Output if contact with person is selected as Yes                           # file:///D:/Pandemic_test/src/test/java/com/pandemic/BDD/features/virusTest.feature:18
  ✔ Given the user is on the Virus Test page                                         # com.pandemic.BDD.definations.virusTestDefination.user_is_on_page()
  ✔ When the user submits the form with "Valid" data with contact with person as Yes # com.pandemic.BDD.definations.virusTestDefination.submit_form_with_contact(java.lang.String)
  ✔ Then the form should be submitted successfully                                   # com.pandemic.BDD.definations.virusTestDefination.assert_success()
  ✔ And Output should contain you have Chance                                        # com.pandemic.BDD.definations.virusTestDefination.check()
]]></system-out>
  </testcase>
</testsuite>