<?xml version="1.0" encoding="UTF-8"?>
<testng-results ignored="0" total="6" passed="4" failed="2" skipped="0">
  <reporter-output>
  </reporter-output>
  <suite started-at="2025-07-29T11:22:20 IST" name="Suite" finished-at="2025-07-29T11:22:46 IST" duration-ms="26305">
    <groups>
      <group name="cucumber">
        <method signature="AbstractTestNGCucumberTests.runScenario(io.cucumber.testng.PickleWrapper,io.cucumber.testng.FeatureWrapper)[pri:0, instance:com.pandemic.BDD.RunnerClass.CucumberRunnerTests@4c39bec8]" name="runScenario" class="io.cucumber.testng.AbstractTestNGCucumberTests"/>
      </group> <!-- cucumber -->
    </groups>
    <test started-at="2025-07-29T11:22:20 IST" name="Test" finished-at="2025-07-29T11:22:46 IST" duration-ms="26305">
      <class name="com.pandemic.BDD.RunnerClass.CucumberRunnerTests">
        <test-method is-config="true" signature="setUpClass(org.testng.ITestContext)[pri:0, instance:com.pandemic.BDD.RunnerClass.CucumberRunnerTests@4c39bec8]" started-at="2025-07-29T11:22:20 IST" name="setUpClass" finished-at="2025-07-29T11:22:21 IST" duration-ms="1204" status="PASS">
          <params>
            <param index="0">
              <value>
                <![CDATA[org.testng.TestRunner@3c27f72]]>
              </value>
            </param>
          </params>
          <reporter-output>
          </reporter-output>
        </test-method> <!-- setUpClass -->
        <test-method signature="runScenario(io.cucumber.testng.PickleWrapper,io.cucumber.testng.FeatureWrapper)[pri:0, instance:com.pandemic.BDD.RunnerClass.CucumberRunnerTests@4c39bec8]" started-at="2025-07-29T11:22:21 IST" name="runScenario" description="Runs Cucumber Scenarios" data-provider="scenarios" finished-at="2025-07-29T11:22:27 IST" duration-ms="5354" status="PASS">
          <params>
            <param index="0">
              <value>
                <![CDATA["Submit E-Pass form with valid data"]]>
              </value>
            </param>
            <param index="1">
              <value>
                <![CDATA["E-Pass Application Form Submission"]]>
              </value>
            </param>
          </params>
          <reporter-output>
          </reporter-output>
        </test-method> <!-- runScenario -->
        <test-method signature="runScenario(io.cucumber.testng.PickleWrapper,io.cucumber.testng.FeatureWrapper)[pri:0, instance:com.pandemic.BDD.RunnerClass.CucumberRunnerTests@4c39bec8]" started-at="2025-07-29T11:22:27 IST" name="runScenario" description="Runs Cucumber Scenarios" data-provider="scenarios" finished-at="2025-07-29T11:22:32 IST" duration-ms="5296" status="FAIL">
          <params>
            <param index="0">
              <value>
                <![CDATA["Submit E-Pass form with invalid data"]]>
              </value>
            </param>
            <param index="1">
              <value>
                <![CDATA["E-Pass Application Form Submission"]]>
              </value>
            </param>
          </params>
          <exception class="java.lang.AssertionError">
            <message>
              <![CDATA[expected [false] but found [true]]]>
            </message>
            <full-stacktrace>
              <![CDATA[java.lang.AssertionError: expected [false] but found [true]
at org.testng.Assert.fail(Assert.java:111)
at org.testng.Assert.failNotEquals(Assert.java:1590)
at org.testng.Assert.assertFalse(Assert.java:79)
at org.testng.Assert.assertFalse(Assert.java:89)
at com.pandemic.BDD.definations.DistrictPassDefination.form_should_not_be_submitted_successfully(DistrictPassDefination.java:37)
at ✽.Form should not be submitted(file:///D:/Pandemic_test/src/test/java/com/pandemic/BDD/features/DistrinctPassTest.feature:18)
]]>
            </full-stacktrace>
          </exception> <!-- java.lang.AssertionError -->
          <reporter-output>
          </reporter-output>
        </test-method> <!-- runScenario -->
        <test-method signature="runScenario(io.cucumber.testng.PickleWrapper,io.cucumber.testng.FeatureWrapper)[pri:0, instance:com.pandemic.BDD.RunnerClass.CucumberRunnerTests@4c39bec8]" started-at="2025-07-29T11:22:32 IST" name="runScenario" description="Runs Cucumber Scenarios" data-provider="scenarios" finished-at="2025-07-29T11:22:35 IST" duration-ms="2889" status="PASS">
          <params>
            <param index="0">
              <value>
                <![CDATA["Submit E-Pass form with empty data"]]>
              </value>
            </param>
            <param index="1">
              <value>
                <![CDATA["E-Pass Application Form Submission"]]>
              </value>
            </param>
          </params>
          <reporter-output>
          </reporter-output>
        </test-method> <!-- runScenario -->
        <test-method signature="runScenario(io.cucumber.testng.PickleWrapper,io.cucumber.testng.FeatureWrapper)[pri:0, instance:com.pandemic.BDD.RunnerClass.CucumberRunnerTests@4c39bec8]" started-at="2025-07-29T11:22:35 IST" name="runScenario" description="Runs Cucumber Scenarios" data-provider="scenarios" finished-at="2025-07-29T11:22:41 IST" duration-ms="5769" status="PASS">
          <params>
            <param index="0">
              <value>
                <![CDATA["Valid form submission"]]>
              </value>
            </param>
            <param index="1">
              <value>
                <![CDATA["Virus Test Form Submission"]]>
              </value>
            </param>
          </params>
          <reporter-output>
          </reporter-output>
        </test-method> <!-- runScenario -->
        <test-method signature="runScenario(io.cucumber.testng.PickleWrapper,io.cucumber.testng.FeatureWrapper)[pri:0, instance:com.pandemic.BDD.RunnerClass.CucumberRunnerTests@4c39bec8]" started-at="2025-07-29T11:22:41 IST" name="runScenario" description="Runs Cucumber Scenarios" data-provider="scenarios" finished-at="2025-07-29T11:22:44 IST" duration-ms="3404" status="FAIL">
          <params>
            <param index="0">
              <value>
                <![CDATA["Invalid form submission"]]>
              </value>
            </param>
            <param index="1">
              <value>
                <![CDATA["Virus Test Form Submission"]]>
              </value>
            </param>
          </params>
          <exception class="java.lang.AssertionError">
            <message>
              <![CDATA[expected [false] but found [true]]]>
            </message>
            <full-stacktrace>
              <![CDATA[java.lang.AssertionError: expected [false] but found [true]
at org.testng.Assert.fail(Assert.java:111)
at org.testng.Assert.failNotEquals(Assert.java:1590)
at org.testng.Assert.assertFalse(Assert.java:79)
at org.testng.Assert.assertFalse(Assert.java:89)
at com.pandemic.BDD.definations.virusTestDefination.assert_failure(virusTestDefination.java:33)
at ✽.the form should not be submitted(file:///D:/Pandemic_test/src/test/java/com/pandemic/BDD/features/virusTest.feature:11)
]]>
            </full-stacktrace>
          </exception> <!-- java.lang.AssertionError -->
          <reporter-output>
          </reporter-output>
        </test-method> <!-- runScenario -->
        <test-method signature="runScenario(io.cucumber.testng.PickleWrapper,io.cucumber.testng.FeatureWrapper)[pri:0, instance:com.pandemic.BDD.RunnerClass.CucumberRunnerTests@4c39bec8]" started-at="2025-07-29T11:22:44 IST" name="runScenario" description="Runs Cucumber Scenarios" data-provider="scenarios" finished-at="2025-07-29T11:22:46 IST" duration-ms="2235" status="PASS">
          <params>
            <param index="0">
              <value>
                <![CDATA["Empty mandatory fields"]]>
              </value>
            </param>
            <param index="1">
              <value>
                <![CDATA["Virus Test Form Submission"]]>
              </value>
            </param>
          </params>
          <reporter-output>
          </reporter-output>
        </test-method> <!-- runScenario -->
        <test-method is-config="true" signature="tearDownClass()[pri:0, instance:com.pandemic.BDD.RunnerClass.CucumberRunnerTests@4c39bec8]" started-at="2025-07-29T11:22:46 IST" name="tearDownClass" finished-at="2025-07-29T11:22:46 IST" duration-ms="55" status="PASS">
          <reporter-output>
          </reporter-output>
        </test-method> <!-- tearDownClass -->
      </class> <!-- com.pandemic.BDD.RunnerClass.CucumberRunnerTests -->
    </test> <!-- Test -->
  </suite> <!-- Suite -->
</testng-results>
